#-----------------------------------------------------------
# Vivado v2023.2 (64-bit)
# SW Build 4029153 on Fri Oct 13 20:13:54 MDT 2023
# IP Build 4028589 on Sat Oct 14 00:45:43 MDT 2023
# SharedData Build 4025554 on Tue Oct 10 17:18:54 MDT 2023
# Start of session at: Thu Jul 23 10:13:49 2026
# Process ID: 1010033
# Current directory: /home/cx/neuromorphic-computing/fpga/vivado
# Command line: vivado -mode batch -source create_lif_overlay.tcl -log logs/create_lif_overlay_r2.log -journal logs/create_lif_overlay_r2.jou
# Log file: /home/cx/neuromorphic-computing/fpga/vivado/logs/create_lif_overlay_r2.log
# Journal file: /home/cx/neuromorphic-computing/fpga/vivado/logs/create_lif_overlay_r2.jou
# Running On: CXS1, OS: Linux, CPU Frequency: 3417.600 MHz, CPU Physical cores: 10, Host memory: 33654 MB
#-----------------------------------------------------------
source create_lif_overlay.tcl
# set PART xc7z020clg400-1
# set REPO [file normalize [file join [pwd] ..]]
# set RTL  [file join $REPO rtl]
# set OUT  [file join $REPO bitstreams]
# file mkdir $OUT
# create_project lif_overlay ./_vivado_lif_overlay -part $PART -force
# add_files [list \
#   [file join $RTL lif_step.v] \
#   [file join $RTL lif_step_axi_lite.v] \
# ]
# set_property top lif_step_axi_lite [current_fileset]
# update_compile_order -fileset sources_1
# launch_runs synth_1 -jobs 4
WARNING: [Vivado 12-7122] Auto Incremental Compile:: No reference checkpoint was found in run synth_1. Auto-incremental flow will not be run, the standard flow will be run instead.
[Thu Jul 23 10:13:56 2026] Launched synth_1...
Run output will be captured here: /home/cx/neuromorphic-computing/fpga/vivado/_vivado_lif_overlay/lif_overlay.runs/synth_1/runme.log
# wait_on_run synth_1
[Thu Jul 23 10:13:56 2026] Waiting for synth_1 to finish...

*** Running vivado
    with args -log lif_step_axi_lite.vds -m64 -product Vivado -mode batch -messageDb vivado.pb -notrace -source lif_step_axi_lite.tcl


****** Vivado v2023.2 (64-bit)
  **** SW Build 4029153 on Fri Oct 13 20:13:54 MDT 2023
  **** IP Build 4028589 on Sat Oct 14 00:45:43 MDT 2023
  **** SharedData Build 4025554 on Tue Oct 10 17:18:54 MDT 2023
    ** Copyright 1986-2022 Xilinx, Inc. All Rights Reserved.
    ** Copyright 2022-2023 Advanced Micro Devices, Inc. All Rights Reserved.

source lif_step_axi_lite.tcl -notrace
Command: synth_design -top lif_step_axi_lite -part xc7z020clg400-1
Starting synth_design
Attempting to get a license for feature 'Synthesis' and/or device 'xc7z020'
INFO: [Common 17-349] Got license for feature 'Synthesis' and/or device 'xc7z020'
INFO: [Synth 8-7079] Multithreading enabled for synth_design using a maximum of 4 processes.
INFO: [Synth 8-7078] Launching helper process for spawning children vivado processes
INFO: [Synth 8-7075] Helper process launched with PID 1010351
---------------------------------------------------------------------------------
Starting Synthesize : Time (s): cpu = 00:00:02 ; elapsed = 00:00:03 . Memory (MB): peak = 1681.898 ; gain = 366.660 ; free physical = 17610 ; free virtual = 32611
---------------------------------------------------------------------------------
INFO: [Synth 8-6157] synthesizing module 'lif_step_axi_lite' [/home/cx/neuromorphic-computing/fpga/rtl/lif_step_axi_lite.v:9]
INFO: [Synth 8-6157] synthesizing module 'lif_step' [/home/cx/neuromorphic-computing/fpga/rtl/lif_step.v:4]
INFO: [Synth 8-6155] done synthesizing module 'lif_step' (0#1) [/home/cx/neuromorphic-computing/fpga/rtl/lif_step.v:4]
INFO: [Synth 8-6155] done synthesizing module 'lif_step_axi_lite' (0#1) [/home/cx/neuromorphic-computing/fpga/rtl/lif_step_axi_lite.v:9]
WARNING: [Synth 8-7129] Port s_axi_wstrb[3] in module lif_step_axi_lite is either unconnected or has no load
WARNING: [Synth 8-7129] Port s_axi_wstrb[2] in module lif_step_axi_lite is either unconnected or has no load
WARNING: [Synth 8-7129] Port s_axi_wstrb[1] in module lif_step_axi_lite is either unconnected or has no load
WARNING: [Synth 8-7129] Port s_axi_wstrb[0] in module lif_step_axi_lite is either unconnected or has no load
---------------------------------------------------------------------------------
Finished Synthesize : Time (s): cpu = 00:00:03 ; elapsed = 00:00:03 . Memory (MB): peak = 1753.867 ; gain = 438.629 ; free physical = 17512 ; free virtual = 32514
---------------------------------------------------------------------------------
---------------------------------------------------------------------------------
Finished Constraint Validation : Time (s): cpu = 00:00:03 ; elapsed = 00:00:04 . Memory (MB): peak = 1771.680 ; gain = 456.441 ; free physical = 17512 ; free virtual = 32513
---------------------------------------------------------------------------------
---------------------------------------------------------------------------------
Start Loading Part and Timing Information
---------------------------------------------------------------------------------
Loading part: xc7z020clg400-1
---------------------------------------------------------------------------------
Finished Loading Part and Timing Information : Time (s): cpu = 00:00:03 ; elapsed = 00:00:04 . Memory (MB): peak = 1779.684 ; gain = 464.445 ; free physical = 17512 ; free virtual = 32513
INFO: [Device 21-403] Loading part xc7z020clg400-1
---------------------------------------------------------------------------------
INFO: [Synth 8-802] inferred FSM for state register 'st_reg' in module 'lif_step'
---------------------------------------------------------------------------------------------------
                   State |                     New Encoding |                Previous Encoding 
---------------------------------------------------------------------------------------------------
                  iSTATE |                              001 |                               00
                 iSTATE0 |                              010 |                               01
                 iSTATE1 |                              100 |                               10
---------------------------------------------------------------------------------------------------
INFO: [Synth 8-3354] encoded FSM with state register 'st_reg' using encoding 'one-hot' in module 'lif_step'
---------------------------------------------------------------------------------
Finished RTL Optimization Phase 2 : Time (s): cpu = 00:00:04 ; elapsed = 00:00:04 . Memory (MB): peak = 1795.699 ; gain = 480.461 ; free physical = 17492 ; free virtual = 32493
---------------------------------------------------------------------------------
No constraint files found.
---------------------------------------------------------------------------------
Start RTL Component Statistics 
---------------------------------------------------------------------------------
Detailed RTL Component Info : 
+---Adders : 
	   4 Input   32 Bit       Adders := 1     
+---Registers : 
	               64 Bit    Registers := 1     
	               32 Bit    Registers := 5     
	                2 Bit    Registers := 2     
	                1 Bit    Registers := 9     
+---Multipliers : 
	              17x32  Multipliers := 1     
+---Muxes : 
	   2 Input   32 Bit        Muxes := 1     
	   3 Input    1 Bit        Muxes := 3     
	   2 Input    1 Bit        Muxes := 6     
	   4 Input    1 Bit        Muxes := 3     
---------------------------------------------------------------------------------
Finished RTL Component Statistics 
---------------------------------------------------------------------------------
---------------------------------------------------------------------------------
Start Part Resource Summary
---------------------------------------------------------------------------------
Part Resources:
DSPs: 220 (col length:60)
BRAMs: 280 (col length: RAMB18 60 RAMB36 30)
---------------------------------------------------------------------------------
Finished Part Resource Summary
---------------------------------------------------------------------------------
No constraint files found.
---------------------------------------------------------------------------------
Start Cross Boundary and Area Optimization
---------------------------------------------------------------------------------
WARNING: [Synth 8-7080] Parallel synthesis criteria is not met
WARNING: [Synth 8-7129] Port s_axi_wstrb[3] in module lif_step_axi_lite is either unconnected or has no load
WARNING: [Synth 8-7129] Port s_axi_wstrb[2] in module lif_step_axi_lite is either unconnected or has no load
WARNING: [Synth 8-7129] Port s_axi_wstrb[1] in module lif_step_axi_lite is either unconnected or has no load
WARNING: [Synth 8-7129] Port s_axi_wstrb[0] in module lif_step_axi_lite is either unconnected or has no load
---------------------------------------------------------------------------------
Finished Cross Boundary and Area Optimization : Time (s): cpu = 00:00:07 ; elapsed = 00:00:07 . Memory (MB): peak = 1944.996 ; gain = 629.758 ; free physical = 17322 ; free virtual = 32327
---------------------------------------------------------------------------------
No constraint files found.
---------------------------------------------------------------------------------
Start Timing Optimization
---------------------------------------------------------------------------------
---------------------------------------------------------------------------------
Finished Timing Optimization : Time (s): cpu = 00:00:07 ; elapsed = 00:00:07 . Memory (MB): peak = 1944.996 ; gain = 629.758 ; free physical = 17321 ; free virtual = 32326
---------------------------------------------------------------------------------
---------------------------------------------------------------------------------
Start Technology Mapping
---------------------------------------------------------------------------------
---------------------------------------------------------------------------------
Finished Technology Mapping : Time (s): cpu = 00:00:07 ; elapsed = 00:00:07 . Memory (MB): peak = 1944.996 ; gain = 629.758 ; free physical = 17322 ; free virtual = 32327
---------------------------------------------------------------------------------
---------------------------------------------------------------------------------
Start IO Insertion
---------------------------------------------------------------------------------
---------------------------------------------------------------------------------
Start Flattening Before IO Insertion
---------------------------------------------------------------------------------
---------------------------------------------------------------------------------
Finished Flattening Before IO Insertion
---------------------------------------------------------------------------------
---------------------------------------------------------------------------------
Start Final Netlist Cleanup
---------------------------------------------------------------------------------
---------------------------------------------------------------------------------
Finished Final Netlist Cleanup
---------------------------------------------------------------------------------
---------------------------------------------------------------------------------
Finished IO Insertion : Time (s): cpu = 00:00:09 ; elapsed = 00:00:09 . Memory (MB): peak = 1944.996 ; gain = 629.758 ; free physical = 17321 ; free virtual = 32326
---------------------------------------------------------------------------------
---------------------------------------------------------------------------------
Start Renaming Generated Instances
---------------------------------------------------------------------------------
---------------------------------------------------------------------------------
Finished Renaming Generated Instances : Time (s): cpu = 00:00:09 ; elapsed = 00:00:09 . Memory (MB): peak = 1944.996 ; gain = 629.758 ; free physical = 17321 ; free virtual = 32326
---------------------------------------------------------------------------------
---------------------------------------------------------------------------------
Start Rebuilding User Hierarchy
---------------------------------------------------------------------------------
---------------------------------------------------------------------------------
Finished Rebuilding User Hierarchy : Time (s): cpu = 00:00:09 ; elapsed = 00:00:09 . Memory (MB): peak = 1944.996 ; gain = 629.758 ; free physical = 17321 ; free virtual = 32326
---------------------------------------------------------------------------------
---------------------------------------------------------------------------------
Start Renaming Generated Ports
---------------------------------------------------------------------------------
---------------------------------------------------------------------------------
Finished Renaming Generated Ports : Time (s): cpu = 00:00:09 ; elapsed = 00:00:09 . Memory (MB): peak = 1944.996 ; gain = 629.758 ; free physical = 17321 ; free virtual = 32326
---------------------------------------------------------------------------------
---------------------------------------------------------------------------------
Start Handling Custom Attributes
---------------------------------------------------------------------------------
---------------------------------------------------------------------------------
Finished Handling Custom Attributes : Time (s): cpu = 00:00:09 ; elapsed = 00:00:09 . Memory (MB): peak = 1944.996 ; gain = 629.758 ; free physical = 17321 ; free virtual = 32326
---------------------------------------------------------------------------------
---------------------------------------------------------------------------------
Start Renaming Generated Nets
---------------------------------------------------------------------------------
---------------------------------------------------------------------------------
Finished Renaming Generated Nets : Time (s): cpu = 00:00:09 ; elapsed = 00:00:09 . Memory (MB): peak = 1944.996 ; gain = 629.758 ; free physical = 17321 ; free virtual = 32326
---------------------------------------------------------------------------------
---------------------------------------------------------------------------------
Start Writing Synthesis Report
---------------------------------------------------------------------------------

Report BlackBoxes: 
+-+--------------+----------+
| |BlackBox name |Instances |
+-+--------------+----------+
+-+--------------+----------+

Report Cell Usage: 
+------+-------+------+
|      |Cell   |Count |
+------+-------+------+
|1     |BUFG   |     1|
|2     |CARRY4 |    69|
|3     |LUT1   |    14|
|4     |LUT2   |   191|
|5     |LUT3   |    67|
|6     |LUT4   |    55|
|7     |LUT5   |    37|
|8     |LUT6   |   101|
|9     |FDCE   |   203|
|10    |FDPE   |     1|
|11    |IBUF   |    55|
|12    |OBUF   |    41|
+------+-------+------+

Report Instance Areas: 
+------+---------+---------+------+
|      |Instance |Module   |Cells |
+------+---------+---------+------+
|1     |top      |         |   835|
|2     |  u_lif  |lif_step |   626|
+------+---------+---------+------+
---------------------------------------------------------------------------------
Finished Writing Synthesis Report : Time (s): cpu = 00:00:09 ; elapsed = 00:00:09 . Memory (MB): peak = 1944.996 ; gain = 629.758 ; free physical = 17321 ; free virtual = 32326
---------------------------------------------------------------------------------
Synthesis finished with 0 errors, 0 critical warnings and 9 warnings.
Synthesis Optimization Runtime : Time (s): cpu = 00:00:09 ; elapsed = 00:00:09 . Memory (MB): peak = 1944.996 ; gain = 629.758 ; free physical = 17321 ; free virtual = 32326
Synthesis Optimization Complete : Time (s): cpu = 00:00:09 ; elapsed = 00:00:09 . Memory (MB): peak = 1945.004 ; gain = 629.758 ; free physical = 17321 ; free virtual = 32326
INFO: [Project 1-571] Translating synthesized netlist
Netlist sorting complete. Time (s): cpu = 00:00:00.01 ; elapsed = 00:00:00.01 . Memory (MB): peak = 1951.934 ; gain = 0.000 ; free physical = 17328 ; free virtual = 32333
INFO: [Netlist 29-17] Analyzing 69 Unisim elements for replacement
INFO: [Netlist 29-28] Unisim Transformation completed in 0 CPU seconds
INFO: [Project 1-570] Preparing netlist for logic optimization
INFO: [Opt 31-138] Pushed 0 inverter(s) to 0 load pin(s).
Netlist sorting complete. Time (s): cpu = 00:00:00 ; elapsed = 00:00:00 . Memory (MB): peak = 2086.617 ; gain = 0.000 ; free physical = 17539 ; free virtual = 32544
INFO: [Project 1-111] Unisim Transformation Summary:
No Unisim elements were transformed.

Synth Design complete | Checksum: 945d90fc
INFO: [Common 17-83] Releasing license: Synthesis
18 Infos, 9 Warnings, 0 Critical Warnings and 0 Errors encountered.
synth_design completed successfully
synth_design: Time (s): cpu = 00:00:11 ; elapsed = 00:00:10 . Memory (MB): peak = 2086.652 ; gain = 771.414 ; free physical = 17539 ; free virtual = 32544
INFO: [Common 17-2834] synth_design peak Physical Memory [PSS] (MB): overall = 1360.693; main = 1360.693; forked = 0.000
INFO: [Common 17-2834] synth_design peak Virtual Memory [VSS] (MB): overall = 2086.617; main = 2086.617; forked = 0.000
Write ShapeDB Complete: Time (s): cpu = 00:00:00 ; elapsed = 00:00:00.01 . Memory (MB): peak = 2110.629 ; gain = 0.000 ; free physical = 17538 ; free virtual = 32543
INFO: [Common 17-1381] The checkpoint '/home/cx/neuromorphic-computing/fpga/vivado/_vivado_lif_overlay/lif_overlay.runs/synth_1/lif_step_axi_lite.dcp' has been generated.
INFO: [runtcl-4] Executing : report_utilization -file lif_step_axi_lite_utilization_synth.rpt -pb lif_step_axi_lite_utilization_synth.pb
INFO: [Common 17-206] Exiting Vivado at Thu Jul 23 10:14:13 2026...
[Thu Jul 23 10:14:24 2026] synth_1 finished
wait_on_runs: Time (s): cpu = 00:00:19 ; elapsed = 00:00:27 . Memory (MB): peak = 1309.125 ; gain = 0.000 ; free physical = 18677 ; free virtual = 33678
# open_run synth_1
Design is defaulting to impl run constrset: constrs_1
Design is defaulting to synth run part: xc7z020clg400-1
INFO: [Device 21-403] Loading part xc7z020clg400-1
Netlist sorting complete. Time (s): cpu = 00:00:00 ; elapsed = 00:00:00 . Memory (MB): peak = 1620.684 ; gain = 0.000 ; free physical = 18398 ; free virtual = 33399
INFO: [Netlist 29-17] Analyzing 69 Unisim elements for replacement
INFO: [Netlist 29-28] Unisim Transformation completed in 0 CPU seconds
INFO: [Project 1-479] Netlist was created with Vivado 2023.2
INFO: [Project 1-570] Preparing netlist for logic optimization
INFO: [Opt 31-138] Pushed 0 inverter(s) to 0 load pin(s).
Netlist sorting complete. Time (s): cpu = 00:00:00 ; elapsed = 00:00:00 . Memory (MB): peak = 1768.305 ; gain = 0.000 ; free physical = 18305 ; free virtual = 33306
INFO: [Project 1-111] Unisim Transformation Summary:
No Unisim elements were transformed.

# report_utilization -file [file join $OUT lif_step_utilization.rpt]
# report_timing_summary -file [file join $OUT lif_step_timing.rpt]
INFO: [Timing 38-35] Done setting XDC timing constraints.
INFO: [Timing 38-91] UpdateTimingParams: Speed grade: -1, Delay Type: min_max.
INFO: [Timing 38-191] Multithreading enabled for timing update using a maximum of 8 CPUs
# puts "UTIL_OK [file join $OUT lif_step_utilization.rpt]"
UTIL_OK /home/cx/neuromorphic-computing/fpga/bitstreams/lif_step_utilization.rpt
# if {[catch {
#   create_bd_design "design_1"
#   create_bd_cell -type ip -vlnv xilinx.com:ip:processing_system7:5.5 processing_system7_0
#   apply_bd_automation -rule xilinx.com:bd_rule:processing_system7 \
#     -config {make_external "FIXED_IO, DDR" Master "Disable" Slave "Disable"} \
#     [get_bd_cells processing_system7_0]
#   set_property -dict [list CONFIG.PCW_USE_S_AXI_HP0 {0} CONFIG.PCW_FPGA0_PERIPHERAL_FREQMHZ {100}] \
#     [get_bd_cells processing_system7_0]
# 
#   create_bd_cell -type module -reference lif_step_axi_lite lif_step_0
#   apply_bd_automation -rule xilinx.com:bd_rule:axi4 -config \
#     {Master "/processing_system7_0/M_AXI_GP0" Clk "Auto"} \
#     [get_bd_intf_pins lif_step_0/s_axi]
# 
#   assign_bd_address
#   validate_bd_design
#   save_bd_design
#   # make_wrapper writes under .gen/.../hdl/; return value is the file set to add
#   set wrapper_files [make_wrapper -files [get_files design_1.bd] -top]
#   add_files -norecurse $wrapper_files
#   set_property top design_1_wrapper [current_fileset]
#   update_compile_order -fileset sources_1
# 
#   launch_runs impl_1 -to_step write_bitstream -jobs 4
#   wait_on_run impl_1
#   set bit_src [lindex [glob -nocomplain ./_vivado_lif_overlay/lif_overlay.runs/impl_1/*.bit] 0]
#   if {$bit_src eq ""} {
#     error "impl_1 produced no .bit"
#   }
#   file copy -force $bit_src [file join $OUT lif_step_overlay.bit]
#   # hwh from BD export / hw_handoff
#   set hwh_src [lindex [glob -nocomplain \
#     ./_vivado_lif_overlay/lif_overlay.gen/sources_1/bd/design_1/hw_handoff/*.hwh \
#     ./_vivado_lif_overlay/lif_overlay.srcs/sources_1/bd/design_1/hw_handoff/*.hwh] 0]
#   if {$hwh_src ne ""} {
#     file copy -force $hwh_src [file join $OUT lif_step_overlay.hwh]
#   }
#   puts "BIT_OK [file join $OUT lif_step_overlay.bit]"
# } err]} {
#   puts "BD_BITSTREAM_SKIP: $err"
#   puts "NOTE: utilization.rpt 仍可用；BD 失败时手工在 GUI 挂 AXI 即可"
# }
Wrote  : </home/cx/neuromorphic-computing/fpga/vivado/_vivado_lif_overlay/lif_overlay.srcs/sources_1/bd/design_1/design_1.bd> 
INFO: [IP_Flow 19-5107] Inferred bus interface 's_axi' of definition 'xilinx.com:interface:aximm:1.0' (from Xilinx Repository).
INFO: [IP_Flow 19-5107] Inferred bus interface 's_axi_aresetn' of definition 'xilinx.com:signal:reset:1.0' (from Xilinx Repository).
INFO: [IP_Flow 19-5107] Inferred bus interface 's_axi_aclk' of definition 'xilinx.com:signal:clock:1.0' (from Xilinx Repository).
INFO: [IP_Flow 19-4728] Bus Interface 's_axi_aresetn': Added interface parameter 'POLARITY' with value 'ACTIVE_LOW'.
INFO: [IP_Flow 19-4728] Bus Interface 's_axi_aclk': Added interface parameter 'ASSOCIATED_BUSIF' with value 's_axi'.
INFO: [IP_Flow 19-4728] Bus Interface 's_axi_aclk': Added interface parameter 'ASSOCIATED_RESET' with value 's_axi_aresetn'.
WARNING: [IP_Flow 19-11770] Clock interface 's_axi_aclk' has no FREQ_HZ parameter.
WARNING: [IP_Flow 19-240] Unknown architecture 'versal' detected.
WARNING: [IP_Flow 19-240] Unknown architecture 'versal' detected.
WARNING: [IP_Flow 19-240] Unknown architecture 'versal' detected.
WARNING: [IP_Flow 19-240] Unknown architecture 'versal' detected.
WARNING: [IP_Flow 19-240] Unknown architecture 'versal' detected.
WARNING: [IP_Flow 19-240] Unknown architecture 'versal' detected.
WARNING: [IP_Flow 19-240] Unknown architecture 'versal' detected.
WARNING: [IP_Flow 19-240] Unknown architecture 'versal' detected.
WARNING: [IP_Flow 19-240] Unknown architecture 'versal' detected.
WARNING: [IP_Flow 19-240] Unknown architecture 'versal' detected.
WARNING: [IP_Flow 19-240] Unknown architecture 'versal' detected.
WARNING: [IP_Flow 19-240] Unknown architecture 'versal' detected.
WARNING: [IP_Flow 19-240] Unknown architecture 'versal' detected.
WARNING: [IP_Flow 19-240] Unknown architecture 'versal' detected.
WARNING: [IP_Flow 19-240] Unknown architecture 'versal' detected.
WARNING: [IP_Flow 19-240] Unknown architecture 'versal' detected.
WARNING: [IP_Flow 19-240] Unknown architecture 'versal' detected.
WARNING: [IP_Flow 19-240] Unknown architecture 'versal' detected.
WARNING: [IP_Flow 19-240] Unknown architecture 'versal' detected.
WARNING: [IP_Flow 19-240] Unknown architecture 'versal' detected.
WARNING: [IP_Flow 19-240] Unknown architecture 'versal' detected.
WARNING: [IP_Flow 19-240] Unknown architecture 'versal' detected.
WARNING: [IP_Flow 19-240] Unknown architecture 'versal' detected.
WARNING: [IP_Flow 19-240] Unknown architecture 'versal' detected.
WARNING: [IP_Flow 19-240] Unknown architecture 'versal' detected.
WARNING: [IP_Flow 19-240] Unknown architecture 'versal' detected.
WARNING: [IP_Flow 19-240] Unknown architecture 'versal' detected.
WARNING: [IP_Flow 19-240] Unknown architecture 'versal' detected.
WARNING: [IP_Flow 19-240] Unknown architecture 'versal' detected.
WARNING: [IP_Flow 19-240] Unknown architecture 'versal' detected.
WARNING: [IP_Flow 19-240] Unknown architecture 'versal' detected.
WARNING: [IP_Flow 19-240] Unknown architecture 'versal' detected.
WARNING: [IP_Flow 19-240] Unknown architecture 'versal' detected.
WARNING: [IP_Flow 19-240] Unknown architecture 'versal' detected.
WARNING: [IP_Flow 19-240] Unknown architecture 'versal' detected.
WARNING: [IP_Flow 19-240] Unknown architecture 'versal' detected.
WARNING: [IP_Flow 19-240] Unknown architecture 'versal' detected.
WARNING: [IP_Flow 19-240] Unknown architecture 'versal' detected.
WARNING: [IP_Flow 19-240] Unknown architecture 'versal' detected.
WARNING: [IP_Flow 19-240] Unknown architecture 'versal' detected.
WARNING: [IP_Flow 19-240] Unknown architecture 'versal' detected.
WARNING: [IP_Flow 19-240] Unknown architecture 'versal' detected.
WARNING: [IP_Flow 19-240] Unknown architecture 'versal' detected.
WARNING: [IP_Flow 19-240] Unknown architecture 'versal' detected.
WARNING: [IP_Flow 19-240] Unknown architecture 'versal' detected.
WARNING: [IP_Flow 19-240] Unknown architecture 'versal' detected.
WARNING: [IP_Flow 19-240] Unknown architecture 'versal' detected.
WARNING: [IP_Flow 19-240] Unknown architecture 'versal' detected.
WARNING: [IP_Flow 19-240] Unknown architecture 'versal' detected.
WARNING: [IP_Flow 19-240] Unknown architecture 'versal' detected.
WARNING: [IP_Flow 19-240] Unknown architecture 'versal' detected.
WARNING: [IP_Flow 19-240] Unknown architecture 'versal' detected.
WARNING: [IP_Flow 19-240] Unknown architecture 'versal' detected.
WARNING: [IP_Flow 19-240] Unknown architecture 'versal' detected.
WARNING: [IP_Flow 19-240] Unknown architecture 'versal' detected.
WARNING: [IP_Flow 19-240] Unknown architecture 'versal' detected.
WARNING: [IP_Flow 19-240] Unknown architecture 'versal' detected.
WARNING: [IP_Flow 19-240] Unknown architecture 'versal' detected.
WARNING: [IP_Flow 19-240] Unknown architecture 'versal' detected.
WARNING: [IP_Flow 19-240] Unknown architecture 'versal' detected.
WARNING: [IP_Flow 19-240] Unknown architecture 'versal' detected.
WARNING: [IP_Flow 19-240] Unknown architecture 'versal' detected.
WARNING: [IP_Flow 19-240] Unknown architecture 'versal' detected.
WARNING: [IP_Flow 19-240] Unknown architecture 'versal' detected.
WARNING: [IP_Flow 19-240] Unknown architecture 'versal' detected.
WARNING: [IP_Flow 19-240] Unknown architecture 'versal' detected.
WARNING: [IP_Flow 19-240] Unknown architecture 'versal' detected.
WARNING: [IP_Flow 19-240] Unknown architecture 'versal' detected.
WARNING: [IP_Flow 19-240] Unknown architecture 'versal' detected.
WARNING: [IP_Flow 19-240] Unknown architecture 'versal' detected.
WARNING: [IP_Flow 19-240] Unknown architecture 'versal' detected.
WARNING: [IP_Flow 19-240] Unknown architecture 'versal' detected.
WARNING: [IP_Flow 19-240] Unknown architecture 'versal' detected.
WARNING: [IP_Flow 19-240] Unknown architecture 'versal' detected.
WARNING: [IP_Flow 19-240] Unknown architecture 'versal' detected.
WARNING: [IP_Flow 19-240] Unknown architecture 'versal' detected.
WARNING: [IP_Flow 19-240] Unknown architecture 'versal' detected.
WARNING: [IP_Flow 19-240] Unknown architecture 'versal' detected.
WARNING: [IP_Flow 19-240] Unknown architecture 'versal' detected.
WARNING: [IP_Flow 19-240] Unknown architecture 'versal' detected.
WARNING: [IP_Flow 19-240] Unknown architecture 'versal' detected.
Slave segment '/lif_step_0/s_axi/reg0' is being assigned into address space '/processing_system7_0/Data' at <0x4000_0000 [ 4K ]>.
Wrote  : </home/cx/neuromorphic-computing/fpga/vivado/_vivado_lif_overlay/lif_overlay.srcs/sources_1/bd/design_1/design_1.bd> 
INFO: [BD 41-1662] The design 'design_1.bd' is already validated. Therefore parameter propagation will not be re-run.
Verilog Output written to : /home/cx/neuromorphic-computing/fpga/vivado/_vivado_lif_overlay/lif_overlay.gen/sources_1/bd/design_1/synth/design_1.v
Verilog Output written to : /home/cx/neuromorphic-computing/fpga/vivado/_vivado_lif_overlay/lif_overlay.gen/sources_1/bd/design_1/sim/design_1.v
Verilog Output written to : /home/cx/neuromorphic-computing/fpga/vivado/_vivado_lif_overlay/lif_overlay.gen/sources_1/bd/design_1/hdl/design_1_wrapper.v
INFO: [BD 41-1662] The design 'design_1.bd' is already validated. Therefore parameter propagation will not be re-run.
Verilog Output written to : /home/cx/neuromorphic-computing/fpga/vivado/_vivado_lif_overlay/lif_overlay.gen/sources_1/bd/design_1/synth/design_1.v
Verilog Output written to : /home/cx/neuromorphic-computing/fpga/vivado/_vivado_lif_overlay/lif_overlay.gen/sources_1/bd/design_1/sim/design_1.v
Verilog Output written to : /home/cx/neuromorphic-computing/fpga/vivado/_vivado_lif_overlay/lif_overlay.gen/sources_1/bd/design_1/hdl/design_1_wrapper.v
INFO: [IP_Flow 19-5611] Unable to find an associated reset port for the interface 'M_AXI_GP0'. A default connection has been created.
INFO: [BD 41-1029] Generation completed for the IP Integrator block processing_system7_0 .
INFO: [BD 41-1029] Generation completed for the IP Integrator block lif_step_0 .
WARNING: [IP_Flow 19-4994] Overwriting existing constraint file '/home/cx/neuromorphic-computing/fpga/vivado/_vivado_lif_overlay/lif_overlay.gen/sources_1/bd/design_1/ip/design_1_auto_pc_0/design_1_auto_pc_0_ooc.xdc'
INFO: [BD 41-1029] Generation completed for the IP Integrator block ps7_0_axi_periph/s00_couplers/auto_pc .
INFO: [BD 41-1029] Generation completed for the IP Integrator block rst_ps7_0_100M .
Exporting to file /home/cx/neuromorphic-computing/fpga/vivado/_vivado_lif_overlay/lif_overlay.gen/sources_1/bd/design_1/hw_handoff/design_1.hwh
Generated Hardware Definition File /home/cx/neuromorphic-computing/fpga/vivado/_vivado_lif_overlay/lif_overlay.gen/sources_1/bd/design_1/synth/design_1.hwdef
INFO: [IP_Flow 19-6930] IPCACHE: runCacheChecks() number of threads = 8
INFO: [IP_Flow 19-6921] IPCACHE: Adding cache check func to thread queue for IP design_1_auto_pc_0
INFO: [IP_Flow 19-6921] IPCACHE: Adding cache check func to thread queue for IP design_1_lif_step_0_0
INFO: [IP_Flow 19-6921] IPCACHE: Adding cache check func to thread queue for IP design_1_rst_ps7_0_100M_0
INFO: [IP_Flow 19-8020] IPCACHE: runCacheChecks() calling threadPool finishWork()
INFO: [IP_Flow 19-6924] IPCACHE: Running cache check for IP inst: design_1_auto_pc_0
INFO: [IP_Flow 19-6924] IPCACHE: Running cache check for IP inst: design_1_rst_ps7_0_100M_0
INFO: [IP_Flow 19-6924] IPCACHE: Running cache check for IP inst: design_1_lif_step_0_0
WARNING: [Project 1-478] Design 'design_1' is stale and will not be used when launching 'impl_1'
[Thu Jul 23 10:14:46 2026] Launched design_1_auto_pc_0_synth_1, design_1_rst_ps7_0_100M_0_synth_1, design_1_lif_step_0_0_synth_1, design_1_processing_system7_0_0_synth_1...
Run output will be captured here:
design_1_auto_pc_0_synth_1: /home/cx/neuromorphic-computing/fpga/vivado/_vivado_lif_overlay/lif_overlay.runs/design_1_auto_pc_0_synth_1/runme.log
design_1_rst_ps7_0_100M_0_synth_1: /home/cx/neuromorphic-computing/fpga/vivado/_vivado_lif_overlay/lif_overlay.runs/design_1_rst_ps7_0_100M_0_synth_1/runme.log
design_1_lif_step_0_0_synth_1: /home/cx/neuromorphic-computing/fpga/vivado/_vivado_lif_overlay/lif_overlay.runs/design_1_lif_step_0_0_synth_1/runme.log
design_1_processing_system7_0_0_synth_1: /home/cx/neuromorphic-computing/fpga/vivado/_vivado_lif_overlay/lif_overlay.runs/design_1_processing_system7_0_0_synth_1/runme.log
[Thu Jul 23 10:14:46 2026] Launched impl_1...
Run output will be captured here: /home/cx/neuromorphic-computing/fpga/vivado/_vivado_lif_overlay/lif_overlay.runs/impl_1/runme.log
launch_runs: Time (s): cpu = 00:00:11 ; elapsed = 00:00:11 . Memory (MB): peak = 2689.848 ; gain = 100.969 ; free physical = 17746 ; free virtual = 32702
[Thu Jul 23 10:14:46 2026] Waiting for impl_1 to finish...

*** Running vivado
    with args -log design_1_wrapper.vdi -applog -m64 -product Vivado -messageDb vivado.pb -mode batch -source design_1_wrapper.tcl -notrace


****** Vivado v2023.2 (64-bit)
  **** SW Build 4029153 on Fri Oct 13 20:13:54 MDT 2023
  **** IP Build 4028589 on Sat Oct 14 00:45:43 MDT 2023
  **** SharedData Build 4025554 on Tue Oct 10 17:18:54 MDT 2023
    ** Copyright 1986-2022 Xilinx, Inc. All Rights Reserved.
    ** Copyright 2022-2023 Advanced Micro Devices, Inc. All Rights Reserved.

source design_1_wrapper.tcl -notrace
INFO: [IP_Flow 19-234] Refreshing IP repositories
INFO: [IP_Flow 19-1704] No user IP repositories specified
INFO: [IP_Flow 19-2313] Loaded Vivado IP repository '/tools/Xilinx/Vivado/2023.2/data/ip'.
Command: link_design -top design_1_wrapper -part xc7z020clg400-1
Design is defaulting to srcset: sources_1
Design is defaulting to constrset: constrs_1
INFO: [Device 21-403] Loading part xc7z020clg400-1
4 Infos, 0 Warnings, 0 Critical Warnings and 1 Errors encountered.
link_design failed
ERROR: [Project 1-68] No files found to match top module 'design_1_wrapper'
Resolution: Please verify your EDIF file is named after its top module.  For instance, if the top module is called 'viterbi', name the file 'viterbi.edf'. File naming is case sensitive on Linux.
INFO: [Common 17-206] Exiting Vivado at Thu Jul 23 10:15:36 2026...
[Thu Jul 23 10:15:51 2026] impl_1 finished
ERROR: [Vivado 12-13638] Failed runs(s) : 'impl_1'
wait_on_runs: Time (s): cpu = 00:01:53 ; elapsed = 00:01:06 . Memory (MB): peak = 2689.848 ; gain = 0.000 ; free physical = 17494 ; free virtual = 32461
BD_BITSTREAM_SKIP: ERROR: [Common 17-39] 'wait_on_runs' failed due to earlier errors.

NOTE: utilization.rpt 仍可用；BD 失败时手工在 GUI 挂 AXI 即可
# puts "DONE outputs in $OUT"
DONE outputs in /home/cx/neuromorphic-computing/fpga/bitstreams
# exit 0
INFO: [Common 17-206] Exiting Vivado at Thu Jul 23 10:15:51 2026...
